<?xml version="1.0" encoding="UTF-8"?>
<testsuite name="ru.stqa.pft.addressbook.tests.NewContactCreationTests" tests="3" skipped="0" failures="0" errors="0" timestamp="2018-08-24T06:45:27" hostname="amoiseyenko-new" time="27.594">
  <properties/>
  <testcase name="testNewContactCreation[0](ContactData{name='first name 0', lastName='last name 0'})" classname="ru.stqa.pft.addressbook.tests.NewContactCreationTests" time="9.975"/>
  <testcase name="testNewContactCreation[1](ContactData{name='first name 1', lastName='last name 1'})" classname="ru.stqa.pft.addressbook.tests.NewContactCreationTests" time="8.462"/>
  <testcase name="testNewContactCreation[2](ContactData{name='first name 2', lastName='last name 2'})" classname="ru.stqa.pft.addressbook.tests.NewContactCreationTests" time="9.156"/>
  <system-out><![CDATA[]]></system-out>
  <system-err><![CDATA[]]></system-err>
</testsuite>
